\BOOKMARK [-1][-]{front.-1}{Front Matter}{}% 1
\BOOKMARK [-1][-]{section*.1}{Declaration of Report}{}% 2
\BOOKMARK [-1][-]{section*.2}{Panel Approval and Declaration Sheet}{}% 3
\BOOKMARK [0][-]{chapter*.3}{Acknowledgement}{section*.2}% 4
\BOOKMARK [0][-]{chapter*.4}{Table of Contents}{section*.2}% 5
\BOOKMARK [0][-]{chapter*.5}{List of Tables}{section*.2}% 6
\BOOKMARK [0][-]{chapter*.6}{List of Figures}{section*.2}% 7
\BOOKMARK [0][-]{chapter*.7}{List of Abbreviations}{section*.2}% 8
\BOOKMARK [0][-]{chapter*.8}{List of Symbols}{section*.2}% 9
\BOOKMARK [0][-]{chapter*.9}{Abstrak}{section*.2}% 10
\BOOKMARK [0][-]{chapter*.10}{Abstract}{section*.2}% 11
\BOOKMARK [-1][-]{main.-1}{Main Chapters}{}% 12
\BOOKMARK [0][-]{chapter.11}{1 Introduction}{main.-1}% 13
\BOOKMARK [1][-]{section.12}{1.1 Background History}{chapter.11}% 14
\BOOKMARK [1][-]{section.15}{1.2 Samples of Basic LaTeX}{chapter.11}% 15
\BOOKMARK [1][-]{section.89}{1.3 Dimensions in LaTeX}{chapter.11}% 16
\BOOKMARK [1][-]{section.91}{1.4 Special Characters}{chapter.11}% 17
\BOOKMARK [1][-]{section.93}{1.5 Useful Resources}{chapter.11}% 18
\BOOKMARK [1][-]{section.94}{1.6 Useful Tips}{chapter.11}% 19
\BOOKMARK [0][-]{chapter.98}{2 Literature Review}{main.-1}% 20
\BOOKMARK [1][-]{section.99}{2.1 Citations and Bibliography}{chapter.98}% 21
\BOOKMARK [1][-]{section.100}{2.2 The *.bib File}{chapter.98}% 22
\BOOKMARK [1][-]{section.113}{2.3 Citations using the natbib package}{chapter.98}% 23
\BOOKMARK [2][-]{subsection.114}{2.3.1 IEEE Citation Style}{section.113}% 24
\BOOKMARK [3][-]{subsubsection.115}{2.3.1.1 Change citation format}{subsection.114}% 25
\BOOKMARK [2][-]{subsection.116}{2.3.2 Entry Types}{section.113}% 26
\BOOKMARK [0][-]{chapter.117}{3 Methodology}{main.-1}% 27
\BOOKMARK [1][-]{section.118}{3.1 Figures, Tables, Equations, Algorithms, etc}{chapter.117}% 28
\BOOKMARK [1][-]{section.119}{3.2 Inserting Figures}{chapter.117}% 29
\BOOKMARK [1][-]{section.131}{3.3 How Do I Do Subfigures?}{chapter.117}% 30
\BOOKMARK [1][-]{section.155}{3.4 Inserting Tables}{chapter.117}% 31
\BOOKMARK [1][-]{section.185}{3.5 Long Table Spanning More Than a Page}{chapter.117}% 32
\BOOKMARK [1][-]{section.187}{3.6 Full-paged, Sideways Figures and Tables}{chapter.117}% 33
\BOOKMARK [1][-]{section.197}{3.7 Mathematical Equations}{chapter.117}% 34
\BOOKMARK [2][-]{subsection.223}{3.7.1 Puting equations in the text \040}{section.197}% 35
\BOOKMARK [2][-]{subsection.224}{3.7.2 Equation aligned at =}{section.197}% 36
\BOOKMARK [2][-]{subsection.227}{3.7.3 Normal text in math mode \040}{section.197}% 37
\BOOKMARK [2][-]{subsection.229}{3.7.4 Bold Math and Vector}{section.197}% 38
\BOOKMARK [1][-]{section.230}{3.8 Acronyms}{chapter.117}% 39
\BOOKMARK [1][-]{section.240}{3.9 Program Listings}{chapter.117}% 40
\BOOKMARK [0][-]{chapter.290}{4 Result \046 Discussion}{main.-1}% 41
\BOOKMARK [1][-]{section.291}{4.1 Printing Your Thesis}{chapter.290}% 42
\BOOKMARK [0][-]{chapter.292}{5 Conclusion}{main.-1}% 43
\BOOKMARK [0][-]{chapter*.293}{REFERENCES}{main.-1}% 44
\BOOKMARK [0][-]{appendix.294}{A Data Used}{main.-1}% 45
\BOOKMARK [0][-]{appendix.295}{B UML Diagrams}{main.-1}% 46
\BOOKMARK [0][-]{appendix.296}{C Dummy Appendix}{main.-1}% 47
